<?xml version="1.0" encoding="UTF-8"?>
<!-- Generated by org.testng.reporters.JUnitReportReporter -->
<testsuite hostname="DESKTOP-93CNGUN" failures="0" tests="1" name="com.nordea.tests.gui.GuiTest" time="2.246" errors="0" timestamp="2025-03-05T15:46:34 CET" skipped="0">
  <testcase classname="com.nordea.tests.gui.GuiTest" name="guiTest" time="2.246"/>
</testsuite> <!-- com.nordea.tests.gui.GuiTest -->
